Start testing: Oct 10 14:47 CEST
----------------------------------------------------------
1/10 Testing: BalanceXYTest
1/10 Test: BalanceXYTest
Command: "/home/robocup/Downloads/spg_cmake/build/test/test_balanceXY"
Directory: /home/robocup/Downloads/spg_cmake/build/test
"BalanceXYTest" start time: Oct 10 14:47 CEST
Output:
----------------------------------------------------------
[==========] Running 4 tests from 1 test suite.
[----------] Global test environment set-up.
[----------] 4 tests from BalanceXYTest
[ RUN      ] BalanceXYTest.OutputVectorsAreSet
[       OK ] BalanceXYTest.OutputVectorsAreSet (0 ms)
[ RUN      ] BalanceXYTest.SpecificExpectedValues
[       OK ] BalanceXYTest.SpecificExpectedValues (0 ms)
[ RUN      ] BalanceXYTest.SegmentsAreModified
[       OK ] BalanceXYTest.SegmentsAreModified (0 ms)
[ RUN      ] BalanceXYTest.MatlabValidationCase
[       OK ] BalanceXYTest.MatlabValidationCase (0 ms)
[----------] 4 tests from BalanceXYTest (1 ms total)

[----------] Global test environment tear-down
[==========] 4 tests from 1 test suite ran. (1 ms total)
[  PASSED  ] 4 tests.
<end of output>
Test time =   0.00 sec
----------------------------------------------------------
Test Passed.
"BalanceXYTest" end time: Oct 10 14:47 CEST
"BalanceXYTest" time elapsed: 00:00:00
----------------------------------------------------------

2/10 Testing: GetSegmentsTest
2/10 Test: GetSegmentsTest
Command: "/home/robocup/Downloads/spg_cmake/build/test/test_getSegments"
Directory: /home/robocup/Downloads/spg_cmake/build/test
"GetSegmentsTest" start time: Oct 10 14:47 CEST
Output:
----------------------------------------------------------
[==========] Running 3 tests from 1 test suite.
[----------] Global test environment set-up.
[----------] 3 tests from GetSegmentsTest
[ RUN      ] GetSegmentsTest.ReturnsSegmentsWithExpectedSize
[       OK ] GetSegmentsTest.ReturnsSegmentsWithExpectedSize (0 ms)
[ RUN      ] GetSegmentsTest.ReturnsExpectedValues
[       OK ] GetSegmentsTest.ReturnsExpectedValues (0 ms)
[ RUN      ] GetSegmentsTest.ReturnsExpectedValues_2
[       OK ] GetSegmentsTest.ReturnsExpectedValues_2 (0 ms)
[----------] 3 tests from GetSegmentsTest (0 ms total)

[----------] Global test environment tear-down
[==========] 3 tests from 1 test suite ran. (0 ms total)
[  PASSED  ] 3 tests.
<end of output>
Test time =   0.00 sec
----------------------------------------------------------
Test Passed.
"GetSegmentsTest" end time: Oct 10 14:47 CEST
"GetSegmentsTest" time elapsed: 00:00:00
----------------------------------------------------------

3/10 Testing: GetSegmentsFunctionsTest
3/10 Test: GetSegmentsFunctionsTest
Command: "/home/robocup/Downloads/spg_cmake/build/test/test_getSegments_functions"
Directory: /home/robocup/Downloads/spg_cmake/build/test
"GetSegmentsFunctionsTest" start time: Oct 10 14:47 CEST
Output:
----------------------------------------------------------
[==========] Running 4 tests from 1 test suite.
[----------] Global test environment set-up.
[----------] 4 tests from IndividualFunctionsTest
[ RUN      ] IndividualFunctionsTest.GetMaxSpeed_1
[       OK ] IndividualFunctionsTest.GetMaxSpeed_1 (0 ms)
[ RUN      ] IndividualFunctionsTest.MoveToVel_1
[       OK ] IndividualFunctionsTest.MoveToVel_1 (0 ms)
[ RUN      ] IndividualFunctionsTest.MoveAtConstantVel
[       OK ] IndividualFunctionsTest.MoveAtConstantVel (0 ms)
[ RUN      ] IndividualFunctionsTest.MoveToVel_2
[       OK ] IndividualFunctionsTest.MoveToVel_2 (0 ms)
[----------] 4 tests from IndividualFunctionsTest (0 ms total)

[----------] Global test environment tear-down
[==========] 4 tests from 1 test suite ran. (0 ms total)
[  PASSED  ] 4 tests.
<end of output>
Test time =   0.00 sec
----------------------------------------------------------
Test Passed.
"GetSegmentsFunctionsTest" end time: Oct 10 14:47 CEST
"GetSegmentsFunctionsTest" time elapsed: 00:00:00
----------------------------------------------------------

4/10 Testing: Traj1Test
4/10 Test: Traj1Test
Command: "/home/robocup/Downloads/spg_cmake/build/test/test_traj1"
Directory: /home/robocup/Downloads/spg_cmake/build/test
"Traj1Test" start time: Oct 10 14:47 CEST
Output:
----------------------------------------------------------
Running main() from /home/robocup/Downloads/spg_cmake/build/_deps/googletest-src/googletest/src/gtest_main.cc
[==========] Running 7 tests from 1 test suite.
[----------] Global test environment set-up.
[----------] 7 tests from Traj1Test
[ RUN      ] Traj1Test.BasicFunctionality
[       OK ] Traj1Test.BasicFunctionality (0 ms)
[ RUN      ] Traj1Test.MatlabSegmentData
[       OK ] Traj1Test.MatlabSegmentData (0 ms)
[ RUN      ] Traj1Test.DebugMatlabSegmentData
Position: [2.9996, 0, 0]
Velocity: [-0.0360, 0, 0]
Acceleration: [-1.8000, 0, 0]
Segment ID: [0, 3, 3]
[       OK ] Traj1Test.DebugMatlabSegmentData (0 ms)
[ RUN      ] Traj1Test.MatlabSegmentData2
[       OK ] Traj1Test.MatlabSegmentData2 (0 ms)
[ RUN      ] Traj1Test.MatlabBoundaryConditionsTest
[       OK ] Traj1Test.MatlabBoundaryConditionsTest (0 ms)
[ RUN      ] Traj1Test.MatlabInputsOutputsTest2
[       OK ] Traj1Test.MatlabInputsOutputsTest2 (0 ms)
[ RUN      ] Traj1Test.MatlabInputsOutputsTest3
[       OK ] Traj1Test.MatlabInputsOutputsTest3 (0 ms)
[----------] 7 tests from Traj1Test (0 ms total)

[----------] Global test environment tear-down
[==========] 7 tests from 1 test suite ran. (0 ms total)
[  PASSED  ] 7 tests.
<end of output>
Test time =   0.00 sec
----------------------------------------------------------
Test Passed.
"Traj1Test" end time: Oct 10 14:47 CEST
"Traj1Test" time elapsed: 00:00:00
----------------------------------------------------------

5/10 Testing: TrajPredictTest
5/10 Test: TrajPredictTest
Command: "/home/robocup/Downloads/spg_cmake/build/test/test_trajpredict"
Directory: /home/robocup/Downloads/spg_cmake/build/test
"TrajPredictTest" start time: Oct 10 14:47 CEST
Output:
----------------------------------------------------------
[==========] Running 1 test from 1 test suite.
[----------] Global test environment set-up.
[----------] 1 test from TrajPredictTest
[ RUN      ] TrajPredictTest.MatlabValidationTest2
[       OK ] TrajPredictTest.MatlabValidationTest2 (0 ms)
[----------] 1 test from TrajPredictTest (0 ms total)

[----------] Global test environment tear-down
[==========] 1 test from 1 test suite ran. (0 ms total)
[  PASSED  ] 1 test.
<end of output>
Test time =   0.00 sec
----------------------------------------------------------
Test Passed.
"TrajPredictTest" end time: Oct 10 14:47 CEST
"TrajPredictTest" time elapsed: 00:00:00
----------------------------------------------------------

6/10 Testing: StaticObstaclesIntegrationTest
6/10 Test: StaticObstaclesIntegrationTest
Command: "/home/robocup/Downloads/spg_cmake/build/test/test_static_obstacles_integration"
Directory: /home/robocup/Downloads/spg_cmake/build/test
"StaticObstaclesIntegrationTest" start time: Oct 10 14:47 CEST
Output:
----------------------------------------------------------
=== SPG Integration Test Suite ===
Usage:
  Normal testing:     ./test_static_obstacles_integration
  With visualization: SPG_VISUALIZE=1 ./test_static_obstacles_integration
  Specific test:      ./test_static_obstacles_integration --gtest_filter=*Visualize*
========================================
[==========] Running 10 tests from 1 test suite.
[----------] Global test environment set-up.
[----------] 10 tests from StaticObstaclesIntegrationTest
[ RUN      ] StaticObstaclesIntegrationTest.ObstacleWall
Running obstacle_wall test with 5 obstacles in a line
Test completed successfully with 5 obstacles
[       OK ] StaticObstaclesIntegrationTest.ObstacleWall (443 ms)
[ RUN      ] StaticObstaclesIntegrationTest.ObstacleTwoWalls
Running obstacle_two_walls test with 8 obstacles in two walls
Test completed successfully with 8 obstacles
[       OK ] StaticObstaclesIntegrationTest.ObstacleTwoWalls (146 ms)
[ RUN      ] StaticObstaclesIntegrationTest.NearFieldEdge
Running near_field_edge test with target at field edge
Test completed successfully with 1 obstacles
[       OK ] StaticObstaclesIntegrationTest.NearFieldEdge (193 ms)
[ RUN      ] StaticObstaclesIntegrationTest.Random
Running random test with 10 randomly placed obstacles
Test completed successfully with 10 obstacles
[       OK ] StaticObstaclesIntegrationTest.Random (294 ms)
[ RUN      ] StaticObstaclesIntegrationTest.RandomScrum
Running random_scrum test with robot at origin and 10 random obstacles
Test completed successfully with 10 obstacles
[       OK ] StaticObstaclesIntegrationTest.RandomScrum (168 ms)
[ RUN      ] StaticObstaclesIntegrationTest.Keeper
Running keeper test with goalkeeper starting position
Test completed successfully with 0 obstacles
[       OK ] StaticObstaclesIntegrationTest.Keeper (143 ms)
[ RUN      ] StaticObstaclesIntegrationTest.MovingObstaclesCircular
Running moving_obstacles_circular test with 5 moving obstacles
[       OK ] StaticObstaclesIntegrationTest.MovingObstaclesCircular (72 ms)
[ RUN      ] StaticObstaclesIntegrationTest.VisualizeObstacleWall
/home/robocup/Downloads/spg_cmake/test/test_static_obstacles_integration.cpp:242: Skipped
Skipping visualization test (set SPG_VISUALIZE=1 to enable)

[  SKIPPED ] StaticObstaclesIntegrationTest.VisualizeObstacleWall (0 ms)
[ RUN      ] StaticObstaclesIntegrationTest.VisualizeMovingObstacles
/home/robocup/Downloads/spg_cmake/test/test_static_obstacles_integration.cpp:267: Skipped
Skipping visualization test (set SPG_VISUALIZE=1 to enable)

[  SKIPPED ] StaticObstaclesIntegrationTest.VisualizeMovingObstacles (0 ms)
[ RUN      ] StaticObstaclesIntegrationTest.VisualizeNearFieldEdge
/home/robocup/Downloads/spg_cmake/test/test_static_obstacles_integration.cpp:314: Skipped
Skipping visualization test (set SPG_VISUALIZE=1 to enable)

[  SKIPPED ] StaticObstaclesIntegrationTest.VisualizeNearFieldEdge (0 ms)
[----------] 10 tests from StaticObstaclesIntegrationTest (1463 ms total)

[----------] Global test environment tear-down
[==========] 10 tests from 1 test suite ran. (1463 ms total)
[  PASSED  ] 7 tests.
[  SKIPPED ] 3 tests, listed below:
[  SKIPPED ] StaticObstaclesIntegrationTest.VisualizeObstacleWall
[  SKIPPED ] StaticObstaclesIntegrationTest.VisualizeMovingObstacles
[  SKIPPED ] StaticObstaclesIntegrationTest.VisualizeNearFieldEdge
<end of output>
Test time =   1.47 sec
----------------------------------------------------------
Test Passed.
"StaticObstaclesIntegrationTest" end time: Oct 10 14:47 CEST
"StaticObstaclesIntegrationTest" time elapsed: 00:00:01
----------------------------------------------------------

7/10 Testing: MoveStraightLineTest
7/10 Test: MoveStraightLineTest
Command: "/home/robocup/Downloads/spg_cmake/build/test/test_move_straight_line"
Directory: /home/robocup/Downloads/spg_cmake/build/test
"MoveStraightLineTest" start time: Oct 10 14:47 CEST
Output:
----------------------------------------------------------
=== SPG Straight Line Movement Test ===
This test verifies robot movement from (-3, 5, 0) to (0, 0, 0)
with zero start/stop velocity and no obstacles.
Usage:
  Normal testing:     ./test_move_straight_line
  With visualization: SPG_VISUALIZE=1 ./test_move_straight_line
========================================
[==========] Running 1 test from 1 test suite.
[----------] Global test environment set-up.
[----------] 1 test from StraightLineToTargetIntegrationTest
[ RUN      ] StraightLineToTargetIntegrationTest.MoveFromNegativeToPositive
=== Move Straight Line Test ===
Testing robot movement from (-3, 5, 0) to (0, 0, 0)
Start and stop with zero velocity, no obstacles

=== Trajectory Analysis ===
Distance: 5.83095 m
Ideal direction: ( 3 -5  0)
Ideal angle: -59.0362 degrees
SPG vmax_move: 4 m/s
SPG amax_move: 1.8 m/s²

=== Initial State ===
Target position: (0 0 0)
Subtarget position: (0 0 0)
Subtarget == Target XY: 1

=== Direct SPG Simulation ===
Step 0: Position = (-2.9998  4.9998       0)
Step 1: Position = (-2.9992  4.9992       0)
Step 2: Position = (-2.9982  4.9982       0)
Step 3: Position = (-2.9968  4.9968       0)
Step 4: Position = (-2.995  4.995      0)
Step 5: Position = (-2.9928  4.9928       0)
Step 6: Position = (-2.9902  4.9902       0)
Step 7: Position = (-2.9872  4.9872       0)
Step 8: Position = (-2.9838  4.9838       0)
Step 9: Position = (-2.98  4.98     0)
Direction alignment with target: 0.969855 (1.0 = perfect)
Test completed successfully with 0 obstacles
Test completed: Robot navigated from (-3, 5, 0) to (0, 0, 0)
[       OK ] StraightLineToTargetIntegrationTest.MoveFromNegativeToPositive (45 ms)
[----------] 1 test from StraightLineToTargetIntegrationTest (45 ms total)

[----------] Global test environment tear-down
[==========] 1 test from 1 test suite ran. (45 ms total)
[  PASSED  ] 1 test.
<end of output>
Test time =   0.05 sec
----------------------------------------------------------
Test Passed.
"MoveStraightLineTest" end time: Oct 10 14:47 CEST
"MoveStraightLineTest" time elapsed: 00:00:00
----------------------------------------------------------

8/10 Testing: SetpointSetTest
8/10 Test: SetpointSetTest
Command: "/home/robocup/Downloads/spg_cmake/build/test/test_setpoint_set"
Directory: /home/robocup/Downloads/spg_cmake/build/test
"SetpointSetTest" start time: Oct 10 14:47 CEST
Output:
----------------------------------------------------------
[==========] Running 2 tests from 1 test suite.
[----------] Global test environment set-up.
[----------] 2 tests from SetpointSetTest
[ RUN      ] SetpointSetTest.BasicFunctionality
[       OK ] SetpointSetTest.BasicFunctionality (0 ms)
[ RUN      ] SetpointSetTest.BasicFunctionality2
[       OK ] SetpointSetTest.BasicFunctionality2 (0 ms)
[----------] 2 tests from SetpointSetTest (1 ms total)

[----------] Global test environment tear-down
[==========] 2 tests from 1 test suite ran. (1 ms total)
[  PASSED  ] 2 tests.
<end of output>
Test time =   0.00 sec
----------------------------------------------------------
Test Passed.
"SetpointSetTest" end time: Oct 10 14:47 CEST
"SetpointSetTest" time elapsed: 00:00:00
----------------------------------------------------------

9/10 Testing: DetermineSetpointLimitsTest
9/10 Test: DetermineSetpointLimitsTest
Command: "/home/robocup/Downloads/spg_cmake/build/test/test_determine_setpoint_limits"
Directory: /home/robocup/Downloads/spg_cmake/build/test
"DetermineSetpointLimitsTest" start time: Oct 10 14:47 CEST
Output:
----------------------------------------------------------
[==========] Running 1 test from 1 test suite.
[----------] Global test environment set-up.
[----------] 1 test from DetermineSetpointLimitsTest
[ RUN      ] DetermineSetpointLimitsTest.MatlabValidationTest
[       OK ] DetermineSetpointLimitsTest.MatlabValidationTest (0 ms)
[----------] 1 test from DetermineSetpointLimitsTest (0 ms total)

[----------] Global test environment tear-down
[==========] 1 test from 1 test suite ran. (0 ms total)
[  PASSED  ] 1 test.
<end of output>
Test time =   0.00 sec
----------------------------------------------------------
Test Passed.
"DetermineSetpointLimitsTest" end time: Oct 10 14:47 CEST
"DetermineSetpointLimitsTest" time elapsed: 00:00:00
----------------------------------------------------------

10/10 Testing: DynamicObstaclesDribbleTest
10/10 Test: DynamicObstaclesDribbleTest
Command: "/home/robocup/Downloads/spg_cmake/build/test/test_dynamic_obstacles_dribble"
Directory: /home/robocup/Downloads/spg_cmake/build/test
"DynamicObstaclesDribbleTest" start time: Oct 10 14:47 CEST
Output:
----------------------------------------------------------
[==========] Running 4 tests from 1 test suite.
[----------] Global test environment set-up.
[----------] 4 tests from DynamicObstaclesDribbleTest
[ RUN      ] DynamicObstaclesDribbleTest.NearFieldEdge
Running dynamic obstacles simulation...
Initial robot position: [ 4 -6  0]
Target position: [-3.9 -2.5    0]
Number of active obstacles: 2
Simulation completed without detected collisions.
[       OK ] DynamicObstaclesDribbleTest.NearFieldEdge (723 ms)
[ RUN      ] DynamicObstaclesDribbleTest.CrossingObstacles
Running dynamic obstacles simulation...
Initial robot position: [ 4 -6  0]
Target position: [0 0 0]
Number of active obstacles: 3
Simulation completed without detected collisions.
[       OK ] DynamicObstaclesDribbleTest.CrossingObstacles (713 ms)
[ RUN      ] DynamicObstaclesDribbleTest.ManyCrossingObstacles
Running dynamic obstacles simulation...
Initial robot position: [ 4 -6  0]
Target position: [0 0 0]
Number of active obstacles: 10
Simulation completed without detected collisions.
[       OK ] DynamicObstaclesDribbleTest.ManyCrossingObstacles (739 ms)
[ RUN      ] DynamicObstaclesDribbleTest.StationaryObstacles
Running dynamic obstacles simulation...
Initial robot position: [ 4 -6  0]
Target position: [-2 -2  0]
Number of active obstacles: 3
Simulation completed without detected collisions.
[       OK ] DynamicObstaclesDribbleTest.StationaryObstacles (711 ms)
[ DISABLED ] DynamicObstaclesDribbleTest.DISABLED_NearFieldEdgeVisualized
[ DISABLED ] DynamicObstaclesDribbleTest.DISABLED_CrossingObstaclesVisualized
[ DISABLED ] DynamicObstaclesDribbleTest.DISABLED_ManyCrossingObstaclesVisualized
[----------] 4 tests from DynamicObstaclesDribbleTest (2888 ms total)

[----------] Global test environment tear-down
[==========] 4 tests from 1 test suite ran. (2888 ms total)
[  PASSED  ] 4 tests.

  YOU HAVE 3 DISABLED TESTS

<end of output>
Test time =   2.89 sec
----------------------------------------------------------
Test Passed.
"DynamicObstaclesDribbleTest" end time: Oct 10 14:47 CEST
"DynamicObstaclesDribbleTest" time elapsed: 00:00:02
----------------------------------------------------------

End testing: Oct 10 14:47 CEST
