Start testing: Oct 09 16:02 CEST
----------------------------------------------------------
1/9 Testing: BalanceXYTest
1/9 Test: BalanceXYTest
Command: "/home/robocup/Downloads/spg_cmake/build/test/test_balanceXY"
Directory: /home/robocup/Downloads/spg_cmake/build/test
"BalanceXYTest" start time: Oct 09 16:02 CEST
Output:
----------------------------------------------------------
[==========] Running 4 tests from 1 test suite.
[----------] Global test environment set-up.
[----------] 4 tests from BalanceXYTest
[ RUN      ] BalanceXYTest.OutputVectorsAreSet
[       OK ] BalanceXYTest.OutputVectorsAreSet (0 ms)
[ RUN      ] BalanceXYTest.SpecificExpectedValues
[       OK ] BalanceXYTest.SpecificExpectedValues (0 ms)
[ RUN      ] BalanceXYTest.SegmentsAreModified
[       OK ] BalanceXYTest.SegmentsAreModified (0 ms)
[ RUN      ] BalanceXYTest.MatlabValidationCase
[       OK ] BalanceXYTest.MatlabValidationCase (0 ms)
[----------] 4 tests from BalanceXYTest (1 ms total)

[----------] Global test environment tear-down
[==========] 4 tests from 1 test suite ran. (1 ms total)
[  PASSED  ] 4 tests.
<end of output>
Test time =   0.00 sec
----------------------------------------------------------
Test Passed.
"BalanceXYTest" end time: Oct 09 16:02 CEST
"BalanceXYTest" time elapsed: 00:00:00
----------------------------------------------------------

2/9 Testing: GetSegmentsTest
2/9 Test: GetSegmentsTest
Command: "/home/robocup/Downloads/spg_cmake/build/test/test_getSegments"
Directory: /home/robocup/Downloads/spg_cmake/build/test
"GetSegmentsTest" start time: Oct 09 16:02 CEST
Output:
----------------------------------------------------------
[==========] Running 3 tests from 1 test suite.
[----------] Global test environment set-up.
[----------] 3 tests from GetSegmentsTest
[ RUN      ] GetSegmentsTest.ReturnsSegmentsWithExpectedSize
[       OK ] GetSegmentsTest.ReturnsSegmentsWithExpectedSize (0 ms)
[ RUN      ] GetSegmentsTest.ReturnsExpectedValues
[       OK ] GetSegmentsTest.ReturnsExpectedValues (0 ms)
[ RUN      ] GetSegmentsTest.ReturnsExpectedValues_2
[       OK ] GetSegmentsTest.ReturnsExpectedValues_2 (0 ms)
[----------] 3 tests from GetSegmentsTest (0 ms total)

[----------] Global test environment tear-down
[==========] 3 tests from 1 test suite ran. (0 ms total)
[  PASSED  ] 3 tests.
<end of output>
Test time =   0.00 sec
----------------------------------------------------------
Test Passed.
"GetSegmentsTest" end time: Oct 09 16:02 CEST
"GetSegmentsTest" time elapsed: 00:00:00
----------------------------------------------------------

3/9 Testing: GetSegmentsFunctionsTest
3/9 Test: GetSegmentsFunctionsTest
Command: "/home/robocup/Downloads/spg_cmake/build/test/test_getSegments_functions"
Directory: /home/robocup/Downloads/spg_cmake/build/test
"GetSegmentsFunctionsTest" start time: Oct 09 16:02 CEST
Output:
----------------------------------------------------------
[==========] Running 4 tests from 1 test suite.
[----------] Global test environment set-up.
[----------] 4 tests from IndividualFunctionsTest
[ RUN      ] IndividualFunctionsTest.GetMaxSpeed_1
[       OK ] IndividualFunctionsTest.GetMaxSpeed_1 (0 ms)
[ RUN      ] IndividualFunctionsTest.MoveToVel_1
[       OK ] IndividualFunctionsTest.MoveToVel_1 (0 ms)
[ RUN      ] IndividualFunctionsTest.MoveAtConstantVel
[       OK ] IndividualFunctionsTest.MoveAtConstantVel (0 ms)
[ RUN      ] IndividualFunctionsTest.MoveToVel_2
[       OK ] IndividualFunctionsTest.MoveToVel_2 (0 ms)
[----------] 4 tests from IndividualFunctionsTest (0 ms total)

[----------] Global test environment tear-down
[==========] 4 tests from 1 test suite ran. (0 ms total)
[  PASSED  ] 4 tests.
<end of output>
Test time =   0.00 sec
----------------------------------------------------------
Test Passed.
"GetSegmentsFunctionsTest" end time: Oct 09 16:02 CEST
"GetSegmentsFunctionsTest" time elapsed: 00:00:00
----------------------------------------------------------

4/9 Testing: Traj1Test
4/9 Test: Traj1Test
Command: "/home/robocup/Downloads/spg_cmake/build/test/test_traj1"
Directory: /home/robocup/Downloads/spg_cmake/build/test
"Traj1Test" start time: Oct 09 16:02 CEST
Output:
----------------------------------------------------------
Running main() from /home/robocup/Downloads/spg_cmake/build/_deps/googletest-src/googletest/src/gtest_main.cc
[==========] Running 7 tests from 1 test suite.
[----------] Global test environment set-up.
[----------] 7 tests from Traj1Test
[ RUN      ] Traj1Test.BasicFunctionality
[       OK ] Traj1Test.BasicFunctionality (0 ms)
[ RUN      ] Traj1Test.MatlabSegmentData
[       OK ] Traj1Test.MatlabSegmentData (0 ms)
[ RUN      ] Traj1Test.DebugMatlabSegmentData
Position: [2.9996, 0, 0]
Velocity: [-0.0360, 0, 0]
Acceleration: [-1.8000, 0, 0]
Segment ID: [0, 3, 3]
[       OK ] Traj1Test.DebugMatlabSegmentData (0 ms)
[ RUN      ] Traj1Test.MatlabSegmentData2
[       OK ] Traj1Test.MatlabSegmentData2 (0 ms)
[ RUN      ] Traj1Test.MatlabBoundaryConditionsTest
[       OK ] Traj1Test.MatlabBoundaryConditionsTest (0 ms)
[ RUN      ] Traj1Test.MatlabInputsOutputsTest2
[       OK ] Traj1Test.MatlabInputsOutputsTest2 (0 ms)
[ RUN      ] Traj1Test.MatlabInputsOutputsTest3
[       OK ] Traj1Test.MatlabInputsOutputsTest3 (0 ms)
[----------] 7 tests from Traj1Test (0 ms total)

[----------] Global test environment tear-down
[==========] 7 tests from 1 test suite ran. (0 ms total)
[  PASSED  ] 7 tests.
<end of output>
Test time =   0.00 sec
----------------------------------------------------------
Test Passed.
"Traj1Test" end time: Oct 09 16:02 CEST
"Traj1Test" time elapsed: 00:00:00
----------------------------------------------------------

5/9 Testing: TrajPredictTest
5/9 Test: TrajPredictTest
Command: "/home/robocup/Downloads/spg_cmake/build/test/test_trajpredict"
Directory: /home/robocup/Downloads/spg_cmake/build/test
"TrajPredictTest" start time: Oct 09 16:02 CEST
Output:
----------------------------------------------------------
[==========] Running 1 test from 1 test suite.
[----------] Global test environment set-up.
[----------] 1 test from TrajPredictTest
[ RUN      ] TrajPredictTest.MatlabValidationTest2
[       OK ] TrajPredictTest.MatlabValidationTest2 (0 ms)
[----------] 1 test from TrajPredictTest (0 ms total)

[----------] Global test environment tear-down
[==========] 1 test from 1 test suite ran. (0 ms total)
[  PASSED  ] 1 test.
<end of output>
Test time =   0.00 sec
----------------------------------------------------------
Test Passed.
"TrajPredictTest" end time: Oct 09 16:02 CEST
"TrajPredictTest" time elapsed: 00:00:00
----------------------------------------------------------

6/9 Testing: StaticObstaclesIntegrationTest
6/9 Test: StaticObstaclesIntegrationTest
Command: "/home/robocup/Downloads/spg_cmake/build/test/test_static_obstacles_integration"
Directory: /home/robocup/Downloads/spg_cmake/build/test
"StaticObstaclesIntegrationTest" start time: Oct 09 16:02 CEST
Output:
----------------------------------------------------------
=== SPG Integration Test Suite ===
Usage:
  Normal testing:     ./test_static_obstacles_integration
  With visualization: SPG_VISUALIZE=1 ./test_static_obstacles_integration
  Specific test:      ./test_static_obstacles_integration --gtest_filter=*Visualize*
========================================
[==========] Running 10 tests from 1 test suite.
[----------] Global test environment set-up.
[----------] 10 tests from StaticObstaclesIntegrationTest
[ RUN      ] StaticObstaclesIntegrationTest.ObstacleWall
Running obstacle_wall test with 5 obstacles in a line
Test completed successfully with 5 obstacles
[       OK ] StaticObstaclesIntegrationTest.ObstacleWall (348 ms)
[ RUN      ] StaticObstaclesIntegrationTest.ObstacleTwoWalls
Running obstacle_two_walls test with 8 obstacles in two walls
Test completed successfully with 8 obstacles
[       OK ] StaticObstaclesIntegrationTest.ObstacleTwoWalls (148 ms)
[ RUN      ] StaticObstaclesIntegrationTest.NearFieldEdge
Running near_field_edge test with target at field edge
Test completed successfully with 1 obstacles
[       OK ] StaticObstaclesIntegrationTest.NearFieldEdge (197 ms)
[ RUN      ] StaticObstaclesIntegrationTest.Random
Running random test with 10 randomly placed obstacles
Test completed successfully with 10 obstacles
[       OK ] StaticObstaclesIntegrationTest.Random (705 ms)
[ RUN      ] StaticObstaclesIntegrationTest.RandomScrum
Running random_scrum test with robot at origin and 10 random obstacles
Test completed successfully with 10 obstacles
[       OK ] StaticObstaclesIntegrationTest.RandomScrum (172 ms)
[ RUN      ] StaticObstaclesIntegrationTest.Keeper
Running keeper test with goalkeeper starting position
Test completed successfully with 0 obstacles
[       OK ] StaticObstaclesIntegrationTest.Keeper (146 ms)
[ RUN      ] StaticObstaclesIntegrationTest.MovingObstaclesCircular
Running moving_obstacles_circular test with 5 moving obstacles
[       OK ] StaticObstaclesIntegrationTest.MovingObstaclesCircular (74 ms)
[ RUN      ] StaticObstaclesIntegrationTest.VisualizeObstacleWall
/home/robocup/Downloads/spg_cmake/test/test_static_obstacles_integration.cpp:242: Skipped
Skipping visualization test (set SPG_VISUALIZE=1 to enable)

[  SKIPPED ] StaticObstaclesIntegrationTest.VisualizeObstacleWall (0 ms)
[ RUN      ] StaticObstaclesIntegrationTest.VisualizeMovingObstacles
/home/robocup/Downloads/spg_cmake/test/test_static_obstacles_integration.cpp:267: Skipped
Skipping visualization test (set SPG_VISUALIZE=1 to enable)

[  SKIPPED ] StaticObstaclesIntegrationTest.VisualizeMovingObstacles (0 ms)
[ RUN      ] StaticObstaclesIntegrationTest.VisualizeNearFieldEdge
/home/robocup/Downloads/spg_cmake/test/test_static_obstacles_integration.cpp:314: Skipped
Skipping visualization test (set SPG_VISUALIZE=1 to enable)

[  SKIPPED ] StaticObstaclesIntegrationTest.VisualizeNearFieldEdge (0 ms)
[----------] 10 tests from StaticObstaclesIntegrationTest (1791 ms total)

[----------] Global test environment tear-down
[==========] 10 tests from 1 test suite ran. (1791 ms total)
[  PASSED  ] 7 tests.
[  SKIPPED ] 3 tests, listed below:
[  SKIPPED ] StaticObstaclesIntegrationTest.VisualizeObstacleWall
[  SKIPPED ] StaticObstaclesIntegrationTest.VisualizeMovingObstacles
[  SKIPPED ] StaticObstaclesIntegrationTest.VisualizeNearFieldEdge
<end of output>
Test time =   1.80 sec
----------------------------------------------------------
Test Passed.
"StaticObstaclesIntegrationTest" end time: Oct 09 16:02 CEST
"StaticObstaclesIntegrationTest" time elapsed: 00:00:01
----------------------------------------------------------

7/9 Testing: MoveStraightLineTest
7/9 Test: MoveStraightLineTest
Command: "/home/robocup/Downloads/spg_cmake/build/test/test_move_straight_line"
Directory: /home/robocup/Downloads/spg_cmake/build/test
"MoveStraightLineTest" start time: Oct 09 16:02 CEST
Output:
----------------------------------------------------------
=== SPG Straight Line Movement Test ===
This test verifies robot movement from (-3, 5, 0) to (0, 0, 0)
with zero start/stop velocity and no obstacles.
Usage:
  Normal testing:     ./test_move_straight_line
  With visualization: SPG_VISUALIZE=1 ./test_move_straight_line
========================================
[==========] Running 1 test from 1 test suite.
[----------] Global test environment set-up.
[----------] 1 test from StraightLineToTargetIntegrationTest
[ RUN      ] StraightLineToTargetIntegrationTest.MoveFromNegativeToPositive
=== Move Straight Line Test ===
Testing robot movement from (-3, 5, 0) to (0, 0, 0)
Start and stop with zero velocity, no obstacles

=== Trajectory Analysis ===
Distance: 5.83095 m
Ideal direction: ( 3 -5  0)
Ideal angle: -59.0362 degrees
SPG vmax_move: 4 m/s
SPG amax_move: 1.8 m/sÂ²

=== Initial State ===
Target position: (0 0 0)
Subtarget position: (0 0 0)
Subtarget == Target XY: 1

=== Direct SPG Simulation ===
Step 0: Position = (-2.9998  4.9998       0)
Step 1: Position = (-2.9992  4.9992       0)
Step 2: Position = (-2.9982  4.9982       0)
Step 3: Position = (-2.9968  4.9968       0)
Step 4: Position = (-2.995  4.995      0)
Step 5: Position = (-2.9928  4.9928       0)
Step 6: Position = (-2.9902  4.9902       0)
Step 7: Position = (-2.9872  4.9872       0)
Step 8: Position = (-2.9838  4.9838       0)
Step 9: Position = (-2.98  4.98     0)
Direction alignment with target: 0.969855 (1.0 = perfect)
Test completed successfully with 0 obstacles
Test completed: Robot navigated from (-3, 5, 0) to (0, 0, 0)
[       OK ] StraightLineToTargetIntegrationTest.MoveFromNegativeToPositive (48 ms)
[----------] 1 test from StraightLineToTargetIntegrationTest (48 ms total)

[----------] Global test environment tear-down
[==========] 1 test from 1 test suite ran. (48 ms total)
[  PASSED  ] 1 test.
<end of output>
Test time =   0.05 sec
----------------------------------------------------------
Test Passed.
"MoveStraightLineTest" end time: Oct 09 16:02 CEST
"MoveStraightLineTest" time elapsed: 00:00:00
----------------------------------------------------------

8/9 Testing: SetpointSetTest
8/9 Test: SetpointSetTest
Command: "/home/robocup/Downloads/spg_cmake/build/test/test_setpoint_set"
Directory: /home/robocup/Downloads/spg_cmake/build/test
"SetpointSetTest" start time: Oct 09 16:02 CEST
Output:
----------------------------------------------------------
[==========] Running 2 tests from 1 test suite.
[----------] Global test environment set-up.
[----------] 2 tests from SetpointSetTest
[ RUN      ] SetpointSetTest.BasicFunctionality
[       OK ] SetpointSetTest.BasicFunctionality (0 ms)
[ RUN      ] SetpointSetTest.BasicFunctionality2
[       OK ] SetpointSetTest.BasicFunctionality2 (0 ms)
[----------] 2 tests from SetpointSetTest (1 ms total)

[----------] Global test environment tear-down
[==========] 2 tests from 1 test suite ran. (1 ms total)
[  PASSED  ] 2 tests.
<end of output>
Test time =   0.00 sec
----------------------------------------------------------
Test Passed.
"SetpointSetTest" end time: Oct 09 16:02 CEST
"SetpointSetTest" time elapsed: 00:00:00
----------------------------------------------------------

9/9 Testing: DetermineSetpointLimitsTest
9/9 Test: DetermineSetpointLimitsTest
Command: "/home/robocup/Downloads/spg_cmake/build/test/test_determine_setpoint_limits"
Directory: /home/robocup/Downloads/spg_cmake/build/test
"DetermineSetpointLimitsTest" start time: Oct 09 16:02 CEST
Output:
----------------------------------------------------------
[==========] Running 10 tests from 1 test suite.
[----------] Global test environment set-up.
[----------] 10 tests from DetermineSetpointLimitsTest
[ RUN      ] DetermineSetpointLimitsTest.BasicFunctionality
[       OK ] DetermineSetpointLimitsTest.BasicFunctionality (0 ms)
[ RUN      ] DetermineSetpointLimitsTest.WithBallSmallAngleDiff
[       OK ] DetermineSetpointLimitsTest.WithBallSmallAngleDiff (0 ms)
[ RUN      ] DetermineSetpointLimitsTest.WithBallLargeAngleDiffLowVelocity
[       OK ] DetermineSetpointLimitsTest.WithBallLargeAngleDiffLowVelocity (0 ms)
[ RUN      ] DetermineSetpointLimitsTest.WithBallLargeAngleDiffHighVelocity
[       OK ] DetermineSetpointLimitsTest.WithBallLargeAngleDiffHighVelocity (0 ms)
[ RUN      ] DetermineSetpointLimitsTest.VelocityClipping
[       OK ] DetermineSetpointLimitsTest.VelocityClipping (0 ms)
[ RUN      ] DetermineSetpointLimitsTest.NoVelocityClippingForSkillID5
[       OK ] DetermineSetpointLimitsTest.NoVelocityClippingForSkillID5 (0 ms)
[ RUN      ] DetermineSetpointLimitsTest.EtaCalculation
[       OK ] DetermineSetpointLimitsTest.EtaCalculation (0 ms)
[ RUN      ] DetermineSetpointLimitsTest.SegmentProcessing
[       OK ] DetermineSetpointLimitsTest.SegmentProcessing (0 ms)
[ RUN      ] DetermineSetpointLimitsTest.AngleDifferenceCalculation
[       OK ] DetermineSetpointLimitsTest.AngleDifferenceCalculation (0 ms)
[ RUN      ] DetermineSetpointLimitsTest.MatlabValidationTest
/home/robocup/Downloads/spg_cmake/test/test_determine_setpoint_limits.cpp:288: Failure
The difference between result.vmax[0] and 2.2185 is 0.60992712474618971, which exceeds 1e-3, where
result.vmax[0] evaluates to 2.8284271247461898,
2.2185 evaluates to 2.2185000000000001, and
1e-3 evaluates to 0.001.
vmax X mismatch

/home/robocup/Downloads/spg_cmake/test/test_determine_setpoint_limits.cpp:289: Failure
The difference between result.vmax[1] and 3.3284 is 0.49997287525380996, which exceeds 1e-3, where
result.vmax[1] evaluates to 2.8284271247461898,
3.3284 evaluates to 3.3283999999999998, and
1e-3 evaluates to 0.001.
vmax Y mismatch

/home/robocup/Downloads/spg_cmake/test/test_determine_setpoint_limits.cpp:293: Failure
The difference between result.amax[0] and 0.9983 is 0.27449220613578551, which exceeds 1e-3, where
result.amax[0] evaluates to 1.2727922061357855,
0.9983 evaluates to 0.99829999999999997, and
1e-3 evaluates to 0.001.
amax X mismatch

/home/robocup/Downloads/spg_cmake/test/test_determine_setpoint_limits.cpp:294: Failure
The difference between result.amax[1] and 1.4978 is 0.22500779386421454, which exceeds 1e-3, where
result.amax[1] evaluates to 1.2727922061357855,
1.4978 evaluates to 1.4978, and
1e-3 evaluates to 0.001.
amax Y mismatch

/home/robocup/Downloads/spg_cmake/test/test_determine_setpoint_limits.cpp:298: Failure
The difference between result.dmax[0] and 0.9983 is 0.27449220613578551, which exceeds 1e-3, where
result.dmax[0] evaluates to 1.2727922061357855,
0.9983 evaluates to 0.99829999999999997, and
1e-3 evaluates to 0.001.
dmax X mismatch

/home/robocup/Downloads/spg_cmake/test/test_determine_setpoint_limits.cpp:299: Failure
The difference between result.dmax[1] and 1.4978 is 0.22500779386421454, which exceeds 1e-3, where
result.dmax[1] evaluates to 1.2727922061357855,
1.4978 evaluates to 1.4978, and
1e-3 evaluates to 0.001.
dmax Y mismatch

[  FAILED  ] DetermineSetpointLimitsTest.MatlabValidationTest (0 ms)
[----------] 10 tests from DetermineSetpointLimitsTest (6 ms total)

[----------] Global test environment tear-down
[==========] 10 tests from 1 test suite ran. (6 ms total)
[  PASSED  ] 9 tests.
[  FAILED  ] 1 test, listed below:
[  FAILED  ] DetermineSetpointLimitsTest.MatlabValidationTest

 1 FAILED TEST
<end of output>
Test time =   0.01 sec
----------------------------------------------------------
Test Failed.
"DetermineSetpointLimitsTest" end time: Oct 09 16:02 CEST
"DetermineSetpointLimitsTest" time elapsed: 00:00:00
----------------------------------------------------------

End testing: Oct 09 16:02 CEST
